hp-check[3211]: info: :
Initializing. Please wait...
scheduler is running

1.5.3

Linux work-debian 3.2.0-4-686-pae #1 SMP Debian 3.2.65-1+deb7u1 i686 GNU/Linux

warning: [01mdebian-7 version is not supported. Using debian-6.0.5 versions dependencies to verify and install...[0m
hp-check[3211]: info: :
hp-check[3211]: info: :---------------
hp-check[3211]: info: :| SYSTEM INFO |
hp-check[3211]: info: :---------------
hp-check[3211]: info: :
3.2.0-4-686-pae #1 SMP Debian 3.2.65-1+deb7u1 GNU/Linux

work-debian

3.2.0-4-686-pae #1 SMP Debian 3.2.65-1+deb7u1 GNU/Linux

hp-check[3211]: info: : Kernel: 3.2.0-4-686-pae #1 SMP Debian 3.2.65-1+deb7u1 GNU/Linux
 Host: work-debian
 Proc: 3.2.0-4-686-pae #1 SMP Debian 3.2.65-1+deb7u1 GNU/Linux
 Distribution: debian 7
hp-check[3211]: info: :
hp-check[3211]: info: :-----------------------
hp-check[3211]: info: :| HPLIP CONFIGURATION |
hp-check[3211]: info: :-----------------------
hp-check[3211]: info: :
hp-check[3211]: info: :HPLIP-Version: HPLIP 3.12.6
hp-check[3211]: info: :HPLIP-Home: /usr/share/hplip
warning: HPLIP-Installation: Auto installation is not supported for debian distro  7 version 
hp-check[3211]: info: :
hp-check[3211]: info: :[01mCurrent contents of '/etc/hp/hplip.conf' file:[0m
hp-check[3211]: info: :# hplip.conf.  Generated from hplip.conf.in by configure.

[hplip]
version=3.12.6

[dirs]
home=/usr/share/hplip
run=/var/run
ppd=/usr/share/ppd/hplip/HP
ppdbase=/usr/share/ppd/hplip
doc=/usr/share/doc/hplip-doc/HTML
icon=no
cupsbackend=/usr/lib/cups/backend
cupsfilter=/usr/lib/cups/filter
drv=/usr/share/cups/drv

# Following values are determined at configure time and cannot be changed.
[configure]
network-build=yes
libusb01-build=no
pp-build=yes
gui-build=yes
scanner-build=yes
fax-build=yes
dbus-build=yes
cups11-build=no
doc-build=yes
shadow-build=no
hpijs-install=yes
foomatic-drv-install=yes
foomatic-ppd-install=yes
foomatic-rip-hplip-install=no
hpcups-install=yes
cups-drv-install=yes
cups-ppd-install=no
internal-tag=3.12.6
restricted-build=no
ui-toolkit=qt4
qt3=no
qt4=yes
policy-kit=yes
hpijs-only-build=no
lite-build=no
udev-acl-rules=yes
udev_sysfs_rules=no
hpcups-only-build=no
hpijs-only-build=no

hp-check[3211]: info: :
hp-check[3211]: info: :[01mCurrent contents of '/var/lib/hp/hplip.state' file:[0m
hp-check[3211]: info: :Plugins are not installed. Could not access file: ??? ?????? ????? ??? ????????
hp-check[3211]: info: :
hp-check[3211]: info: :[01mCurrent contents of '~/.hplip/hplip.conf' file:[0m
hp-check[3211]: info: :[installation]
date_time = 02.09.2015 10:15:27
version = 3.12.6


hp-check[3211]: info: : <Package-name>        <Package-Desc>      <Required/Optional> <Min-Version> <Installed-Version> <Status>   <Comment>
hp-check[3211]: info: :
hp-check[3211]: info: :--------------------------
hp-check[3211]: info: :|  External Dependencies |
hp-check[3211]: info: :--------------------------
hp-check[3211]: info: :
hp-check[3211]: info: : gs                   Ghostscript               REQUIRED        7.05            9.05            OK         -
hp-check[3211]: info: : network              Network-wget              OPTIONAL        -               1.13.4          OK         -
hp-check[3211]: info: : dbus                 DBus                      REQUIRED        -               1.6.8           OK         -
hp-check[3211]: info: : scanimage            Shell-Scanning            OPTIONAL        1.0             1.0.22          OK         -
hp-check[3211]: info: : policykit            Admin-Policy-framework    OPTIONAL        -               0.105           OK         -
hp-check[3211]: info: :[31;01m error: xsane         SANE-GUI                  OPTIONAL        0.9             -               MISSING    'xsane needs to be installed'[0m
scheduler is running

hp-check[3211]: info: : cups                 CUPS                      REQUIRED        1.1             1.5.3           OK         'CUPS Scheduler is running'
hp-check[3211]: info: :
hp-check[3211]: info: :-------------------------
hp-check[3211]: info: :|  General Dependencies |
hp-check[3211]: info: :-------------------------
hp-check[3211]: info: :
hp-check[3211]: info: : reportlab            Python-PDF-Lib            OPTIONAL        2.0             2.5             OK         -
hp-check[3211]: info: : libcrypto            OpenSSL-Crypto-Lib        REQUIRED        -               1.0.1           OK         -
hp-check[3211]: info: : pil                  Python-Image-Lib          OPTIONAL        -               1.1.7           OK         -
hp-check[3211]: info: : pyqt4-dbus           PyQt4-DBUS                REQUIRED        4.0             4.9.3           OK         -
hp-check[3211]: info: : libjpeg              JPEG-Lib                  REQUIRED        -               -               OK         -
hp-check[3211]: info: : libpthread           POSIX-Threads-Lib         REQUIRED        -               2.13            OK         -
hp-check[3211]: info: : python-dbus          Python-DBUS               REQUIRED        0.80.0          1.1.1           OK         -
hp-check[3211]: info: : python-devel         Python-SDK                REQUIRED        2.2             2.7.3           OK         -
hp-check[3211]: info: : pyqt4                Python-Qt4                REQUIRED        4.0             4.9.3           OK         -
hp-check[3211]: info: : cups-devel           CUPS-SDK                  REQUIRED        -               1.5.3           OK         -
hp-check[3211]: info: : sane-devel           SANE-SDK                  REQUIRED        -               1.0.22          OK         -
hp-check[3211]: info: : libusb               USB-Lib                   REQUIRED        -               1.0             OK         -
hp-check[3211]: info: : sane                 Scan-Lib                  REQUIRED        -               1.0.22          OK         -
hp-check[3211]: info: : cups-image           CUPS-Image-Lib            REQUIRED        -               1.5.3           OK         -
hp-check[3211]: info: : libnetsnmp-devel     SNMP-Networking-SDK       REQUIRED        5.0.9           5.4.3           OK         -
hp-check[3211]: info: : python-xml           Python-XML-Lib            REQUIRED        -               2.1.0           OK         -
hp-check[3211]: info: : python-notify        Desktop-notifications     OPTIONAL        -               -               OK         -
hp-check[3211]: info: :
hp-check[3211]: info: :------------------------------
hp-check[3211]: info: :|  Compile Time Dependencies |
hp-check[3211]: info: :------------------------------
hp-check[3211]: info: :
hp-check[3211]: info: : gcc                  gcc-Compiler              REQUIRED        -               4.7.2           OK         -
hp-check[3211]: info: : libtool              Build-tools               REQUIRED        -               2.4.2           OK         -
hp-check[3211]: info: : make                 GNU-Build-tools           REQUIRED        3.0             3.81            OK         -
hp-check[3211]: info: :
hp-check[3211]: info: :----------------------
hp-check[3211]: info: :|  Python Extentions |
hp-check[3211]: info: :----------------------
hp-check[3211]: info: :
hp-check[3211]: info: : cupsext              CUPS-Extension            REQUIRED        -               3.12.6          OK         -
hp-check[3211]: info: : pcardext             PhotoCard-Extension       REQUIRED        -               3.12.6          OK         -
hp-check[3211]: info: : hpmudext             IO-Extension              REQUIRED        -               3.12.6          OK         -
hp-check[3211]: info: :
hp-check[3211]: info: :-----------------------
hp-check[3211]: info: :|  Scan Configuration |
hp-check[3211]: info: :-----------------------
hp-check[3211]: info: :
hp-check[3211]: info: : hpaio                HPLIP-SANE-Backend        REQUIRED        -               3.12.6          OK         'hpaio found in /etc/sane.d/dll.conf'
hp-check[3211]: info: : scanext              Scan-SANE-Extension       REQUIRED        -               3.12.6          OK         -
hp-check[3211]: info: :
hp-check[3211]: info: :------------------------------
hp-check[3211]: info: :| DISCOVERED SCANNER DEVICES |
hp-check[3211]: info: :------------------------------
hp-check[3211]: info: :
hp-check[3211]: info: :No Scanner found.
hp-check[3211]: info: :
hp-check[3211]: info: :--------------------------
hp-check[3211]: info: :| DISCOVERED USB DEVICES |
hp-check[3211]: info: :--------------------------
hp-check[3211]: info: :
hp-check[3211]: info: :No devices found.
hp-check[3211]: info: :
hp-check[3211]: info: :---------------------------------
hp-check[3211]: info: :| INSTALLED CUPS PRINTER QUEUES |
hp-check[3211]: info: :---------------------------------
hp-check[3211]: info: :
hp-check[3211]: info: :
hp-check[3211]: info: :[01mlpstat[0m
hp-check[3211]: info: :[01m------[0m
hp-check[3211]: info: :Type: Unknown
hp-check[3211]: info: :Device URI: No destinations added.
hp-check[3211]: info: :
hp-check[3211]: info: :
hp-check[3211]: info: :--------------
hp-check[3211]: info: :| PERMISSION |
hp-check[3211]: info: :--------------
hp-check[3211]: info: :
hoaxer cdrom floppy audio dip video plugdev fuse netdev

hp-check[3211]: info: :[31;01merror: groups   user-groups                    Required        -        -        MISSING  ['lp', 'lpadmin'][0m
hp-check[3211]: info: :
hp-check[3211]: info: :-----------
hp-check[3211]: info: :| SUMMARY |
hp-check[3211]: info: :-----------
hp-check[3211]: info: :
hp-check[3211]: info: :[01mMissing Required Dependencies[0m
hp-check[3211]: info: :[01m-----------------------------[0m
hp-check[3211]: info: :None
hp-check[3211]: info: :
hp-check[3211]: info: :[01mMissing Optional Dependencies[0m
hp-check[3211]: info: :[01m-----------------------------[0m
error: 'xsane' package is missing/incompatible 
hp-check[3211]: info: :
hp-check[3211]: info: :
hp-check[3211]: info: :Total Errors: 2
hp-check[3211]: info: :Total Warnings: 0
hp-check[3211]: info: :
hp-check[3211]: info: :Re-run 'hp-check --fix' command to prompt and fix the issues. 
hp-check[3211]: info: :
hp-check[3211]: info: :Done.
